<?xml version="1.0" encoding="UTF-8"?>
<!-- Generated by org.testng.reporters.JUnitReportReporter -->
<testsuite skipped="0" hostname="user-PC" name="com.w2a.webDriverMaven.AppTest" tests="1" failures="0" timestamp="2020-09-15T22:23:37 IST" time="0.002" errors="0">
  <testcase name="testApp" time="0.002" classname="com.w2a.webDriverMaven.AppTest"/>
  <system-out/>
</testsuite> <!-- com.w2a.webDriverMaven.AppTest -->
